Build started 1/5/2015 1:33:32 PM.
     1>Project "C:\Users\akratoc\TanGeoMS\SDK2\explorer\KinectFusionExplorer-D2D\KinectFusionExplorer-D2D.vcxproj" on node 2 (Rebuild target(s)).
     1>ClCompile:
         C:\Program Files (x86)\Microsoft Visual Studio 11.0\VC\bin\CL.exe /c /Zi /nologo /W3 /WX- /O2 /Oi /Oy- /GL /D WIN32 /D NDEBUG /D _WINDOWS /D _UNICODE /D UNICODE /Gm- /EHsc /MD /GS /Gy /fp:precise /Zc:wchar_t /Zc:forScope /Fo"Release\\" /Fd"Release\vc110.pdb" /Gd /TP /analyze- /errorReport:prompt ImageRenderer.cpp KinectFusionExplorer.cpp KinectFusionHelper.cpp KinectFusionProcessor.cpp KinectFusionProcessorFrame.cpp Timer.cpp
         ImageRenderer.cpp
         KinectFusionExplorer.cpp
         KinectFusionHelper.cpp
         KinectFusionProcessor.cpp
         KinectFusionProcessorFrame.cpp
         Timer.cpp
       ResourceCompile:
         C:\Program Files (x86)\Windows Kits\8.0\bin\x86\rc.exe /D _UNICODE /D UNICODE /l"0x0409" /nologo /fo"Release\KinectFusionExplorer-D2D.res" KinectFusionExplorer-D2D.rc 
       Link:
         C:\Program Files (x86)\Microsoft Visual Studio 11.0\VC\bin\link.exe /ERRORREPORT:PROMPT /OUT:"C:\Users\akratoc\TanGeoMS\SDK2\explorer\KinectFusionExplorer-D2D\Release\KinectFusionExplorer-D2D.exe" /INCREMENTAL:NO /NOLOGO kinect20.lib Kinect20.Fusion.lib kernel32.lib user32.lib gdi32.lib winspool.lib comdlg32.lib advapi32.lib shell32.lib ole32.lib oleaut32.lib uuid.lib odbc32.lib odbccp32.lib /MANIFEST /MANIFESTUAC:"level='asInvoker' uiAccess='false'" /manifest:embed /DEBUG /PDB:"C:\Users\akratoc\TanGeoMS\SDK2\explorer\KinectFusionExplorer-D2D\Release\KinectFusionExplorer-D2D.pdb" /SUBSYSTEM:WINDOWS /OPT:REF /OPT:ICF /LTCG /TLBID:1 /DYNAMICBASE /NXCOMPAT /IMPLIB:"C:\Users\akratoc\TanGeoMS\SDK2\explorer\KinectFusionExplorer-D2D\Release\KinectFusionExplorer-D2D.lib" /MACHINE:X86 /SAFESEH "Release\KinectFusionExplorer-D2D.res"
         Release\ImageRenderer.obj
         Release\KinectFusionExplorer.obj
         Release\KinectFusionHelper.obj
         Release\KinectFusionProcessor.obj
         Release\KinectFusionProcessorFrame.obj
         Release\Timer.obj
         Generating code
     1>c:\users\akratoc\tangeoms\sdk2\explorer\kinectfusionexplorer-d2d\kinectfusionexplorer.cpp(96): warning C4715: 'wWinMain' : not all control paths return a value
         Finished generating code
         KinectFusionExplorer-D2D.vcxproj -> C:\Users\akratoc\TanGeoMS\SDK2\explorer\KinectFusionExplorer-D2D\Release\KinectFusionExplorer-D2D.exe
       PostBuildEvent:
         xcopy /C /Y "C:\Program Files\Microsoft SDKs\Kinect\v2.0_1409\Redist\Fusion\x86\Kinect20.Fusion.dll" "C:\Users\akratoc\TanGeoMS\SDK2\explorer\KinectFusionExplorer-D2D\Release\"
         :VCEnd
         C:\Program Files\Microsoft SDKs\Kinect\v2.0_1409\Redist\Fusion\x86\Kinect20.Fusion.dll
         1 File(s) copied
     1>Done Building Project "C:\Users\akratoc\TanGeoMS\SDK2\explorer\KinectFusionExplorer-D2D\KinectFusionExplorer-D2D.vcxproj" (Rebuild target(s)).

Build succeeded.

Time Elapsed 00:00:20.09
