C:\USERS\AKRATOC\TANGEOMS\SDK2\BASIC\KINECTFUSIONBASICS-D2D\RELEASE\TIMER.OBJ
C:\USERS\AKRATOC\TANGEOMS\SDK2\BASIC\KINECTFUSIONBASICS-D2D\RELEASE\KINECTFUSIONBASICS.OBJ
C:\USERS\AKRATOC\TANGEOMS\SDK2\BASIC\KINECTFUSIONBASICS-D2D\RELEASE\IMAGERENDERER.OBJ
C:\USERS\AKRATOC\TANGEOMS\SDK2\BASIC\KINECTFUSIONBASICS-D2D\RELEASE\VC110.PDB
C:\USERS\AKRATOC\TANGEOMS\SDK2\BASIC\KINECTFUSIONBASICS-D2D\RELEASE\KINECTFUSIONBASICS-D2D.EXE
C:\USERS\AKRATOC\TANGEOMS\SDK2\BASIC\KINECTFUSIONBASICS-D2D\RELEASE\KINECTFUSIONBASICS-D2D.PDB
C:\USERS\AKRATOC\TANGEOMS\SDK2\BASIC\KINECTFUSIONBASICS-D2D\RELEASE\KINECTFUSIONBASICS-D2D.RES
C:\Users\akratoc\TanGeoMS\SDK2\basic\KinectFusionBasics-D2D\Release\ImageRenderer.obj
C:\Users\akratoc\TanGeoMS\SDK2\basic\KinectFusionBasics-D2D\Release\KinectFusionBasics.obj
C:\Users\akratoc\TanGeoMS\SDK2\basic\KinectFusionBasics-D2D\Release\Timer.obj
C:\Users\akratoc\TanGeoMS\SDK2\basic\KinectFusionBasics-D2D\Release\cl.command.1.tlog
C:\Users\akratoc\TanGeoMS\SDK2\basic\KinectFusionBasics-D2D\Release\CL.read.1.tlog
C:\Users\akratoc\TanGeoMS\SDK2\basic\KinectFusionBasics-D2D\Release\CL.write.1.tlog
C:\Users\akratoc\TanGeoMS\SDK2\basic\KinectFusionBasics-D2D\Release\link-cvtres.read.1.tlog
C:\Users\akratoc\TanGeoMS\SDK2\basic\KinectFusionBasics-D2D\Release\link-cvtres.write.1.tlog
C:\Users\akratoc\TanGeoMS\SDK2\basic\KinectFusionBasics-D2D\Release\link-rc.read.1.tlog
C:\Users\akratoc\TanGeoMS\SDK2\basic\KinectFusionBasics-D2D\Release\link-rc.write.1.tlog
C:\Users\akratoc\TanGeoMS\SDK2\basic\KinectFusionBasics-D2D\Release\link.command.1.tlog
C:\Users\akratoc\TanGeoMS\SDK2\basic\KinectFusionBasics-D2D\Release\link.read.1.tlog
C:\Users\akratoc\TanGeoMS\SDK2\basic\KinectFusionBasics-D2D\Release\link.read.6.tlog
C:\Users\akratoc\TanGeoMS\SDK2\basic\KinectFusionBasics-D2D\Release\link.write.1.tlog
C:\Users\akratoc\TanGeoMS\SDK2\basic\KinectFusionBasics-D2D\Release\rc.command.1.tlog
C:\Users\akratoc\TanGeoMS\SDK2\basic\KinectFusionBasics-D2D\Release\rc.read.1.tlog
C:\Users\akratoc\TanGeoMS\SDK2\basic\KinectFusionBasics-D2D\Release\rc.write.1.tlog
C:\Users\akratoc\TanGeoMS\SDK2\basic\KinectFusionBasics-D2D\Release\KinectFusionBasics-D2D.res
C:\Users\akratoc\TanGeoMS\SDK2\basic\KinectFusionBasics-D2D\Release\KinectFusionBasics-D2D.pdb
C:\Users\akratoc\TanGeoMS\SDK2\basic\KinectFusionBasics-D2D\Release\vc110.pdb
C:\Users\akratoc\TanGeoMS\SDK2\basic\KinectFusionBasics-D2D\Release\KinectFusionBasics-D2D.exe
